F:\我的程序\OPENCV\DEBUG\OPENCV.EXE
F:\我的程序\OPENCV\DEBUG\OPENCV.ILK
F:\我的程序\OPENCV\DEBUG\OPENCV.PDB
F:\我的程序\opencv\opencv\Debug\cl.command.1.tlog
F:\我的程序\opencv\opencv\Debug\CL.read.1.tlog
F:\我的程序\opencv\opencv\Debug\CL.write.1.tlog
F:\我的程序\opencv\opencv\Debug\link.4052.read.1.tlog
F:\我的程序\opencv\opencv\Debug\link.4052.write.1.tlog
F:\我的程序\opencv\opencv\Debug\link.4052-cvtres.read.1.tlog
F:\我的程序\opencv\opencv\Debug\link.4052-cvtres.write.1.tlog
F:\我的程序\opencv\opencv\Debug\link.command.1.tlog
F:\我的程序\opencv\opencv\Debug\link.read.1.tlog
F:\我的程序\opencv\opencv\Debug\link.write.1.tlog
F:\我的程序\opencv\opencv\Debug\link-cvtres.read.1.tlog
F:\我的程序\opencv\opencv\Debug\link-cvtres.write.1.tlog
F:\我的程序\opencv\opencv\Debug\mt.command.1.tlog
F:\我的程序\opencv\opencv\Debug\mt.read.1.tlog
F:\我的程序\opencv\opencv\Debug\mt.write.1.tlog
F:\我的程序\OPENCV\OPENCV\DEBUG\OPENCV.EXE.EMBED.MANIFEST
F:\我的程序\OPENCV\OPENCV\DEBUG\OPENCV.EXE.EMBED.MANIFEST.RES
F:\我的程序\OPENCV\OPENCV\DEBUG\OPENCV.EXE.INTERMEDIATE.MANIFEST
F:\我的程序\OPENCV\OPENCV\DEBUG\OPENCV.OBJ
F:\我的程序\opencv\opencv\Debug\opencv.vcxprojResolveAssemblyReference.cache
F:\我的程序\opencv\opencv\Debug\opencv.write.1.tlog
F:\我的程序\opencv\opencv\Debug\opencv_manifest.rc
F:\我的程序\opencv\opencv\Debug\rc.command.1.tlog
F:\我的程序\opencv\opencv\Debug\rc.read.1.tlog
F:\我的程序\opencv\opencv\Debug\rc.write.1.tlog
F:\我的程序\opencv\opencv\Debug\vc100.idb
F:\我的程序\OPENCV\OPENCV\DEBUG\VC100.PDB
