生成启动时间为 2016/8/23 13:41:34。
     1>项目“C:\Users\Administrator\Desktop\焦点检测\焦点检测\焦点检测.vcxproj”在节点 2 上(build 个目标)。
     1>PrepareForBuild:
         正在创建目录“C:\Users\Administrator\Desktop\焦点检测\Debug\”。
       InitializeBuildStatus:
         正在创建“Debug\焦点检测.unsuccessfulbuild”，因为已指定“AlwaysCreate”。
       ClCompile:
         C:\Program Files\Microsoft Visual Studio 10.0\VC\bin\CL.exe /c /ZI /nologo /W3 /WX- /Od /Oy- /D WIN32 /D _DEBUG /D _CONSOLE /D _UNICODE /D UNICODE /Gm /EHsc /RTC1 /MDd /GS /fp:precise /Zc:wchar_t /Zc:forScope /Fo"Debug\\" /Fd"Debug\vc100.pdb" /Gd /TP /analyze- /errorReport:prompt "焦点检测.cpp"
         焦点检测.cpp
     1>d:\program files\opencv\build\include\opencv2\flann\logger.h(66): warning C4996: 'fopen': This function or variable may be unsafe. Consider using fopen_s instead. To disable deprecation, use _CRT_SECURE_NO_WARNINGS. See online help for details.
                 c:\program files\microsoft visual studio 10.0\vc\include\stdio.h(234) : 参见“fopen”的声明
       ManifestResourceCompile:
         C:\Program Files\Microsoft SDKs\Windows\v7.0A\bin\rc.exe /nologo /fo"Debug\焦点检测.exe.embed.manifest.res" "Debug\焦点检测_manifest.rc" 
       Link:
         C:\Program Files\Microsoft Visual Studio 10.0\VC\bin\link.exe /ERRORREPORT:PROMPT /OUT:"C:\Users\Administrator\Desktop\焦点检测\Debug\焦点检测.exe" /INCREMENTAL /NOLOGO opencv_ml248d.lib opencv_calib3d248d.lib opencv_contrib248d.lib opencv_core248d.lib opencv_features2d248d.lib opencv_flann248d.lib opencv_gpu248d.lib opencv_highgui248d.lib opencv_imgproc248d.lib opencv_legacy248d.lib opencv_objdetect248d.lib opencv_ts248d.lib opencv_video248d.lib opencv_nonfree248d.lib opencv_ocl248d.lib opencv_photo248d.lib opencv_stitching248d.lib opencv_superres248d.lib opencv_videostab248d.lib kernel32.lib user32.lib gdi32.lib winspool.lib comdlg32.lib advapi32.lib shell32.lib ole32.lib oleaut32.lib uuid.lib odbc32.lib odbccp32.lib /MANIFEST /ManifestFile:"Debug\焦点检测.exe.intermediate.manifest" /MANIFESTUAC:"level='asInvoker' uiAccess='false'" /DEBUG /PDB:"C:\Users\Administrator\Desktop\焦点检测\Debug\焦点检测.pdb" /SUBSYSTEM:CONSOLE /TLBID:1 /DYNAMICBASE /NXCOMPAT /IMPLIB:"C:\Users\Administrator\Desktop\焦点检测\Debug\焦点检测.lib" /MACHINE:X86 "Debug\焦点检测.exe.embed.manifest.res"
         "Debug\焦点检测.obj"
       Manifest:
         C:\Program Files\Microsoft SDKs\Windows\v7.0A\bin\mt.exe /nologo /verbose /out:"Debug\焦点检测.exe.embed.manifest" /manifest "Debug\焦点检测.exe.intermediate.manifest"
         C:\Program Files\Microsoft SDKs\Windows\v7.0A\bin\rc.exe /nologo /fo"Debug\焦点检测.exe.embed.manifest.res" "Debug\焦点检测_manifest.rc" 
       LinkEmbedManifest:
         C:\Program Files\Microsoft Visual Studio 10.0\VC\bin\link.exe /ERRORREPORT:PROMPT /OUT:"C:\Users\Administrator\Desktop\焦点检测\Debug\焦点检测.exe" /INCREMENTAL /NOLOGO opencv_ml248d.lib opencv_calib3d248d.lib opencv_contrib248d.lib opencv_core248d.lib opencv_features2d248d.lib opencv_flann248d.lib opencv_gpu248d.lib opencv_highgui248d.lib opencv_imgproc248d.lib opencv_legacy248d.lib opencv_objdetect248d.lib opencv_ts248d.lib opencv_video248d.lib opencv_nonfree248d.lib opencv_ocl248d.lib opencv_photo248d.lib opencv_stitching248d.lib opencv_superres248d.lib opencv_videostab248d.lib kernel32.lib user32.lib gdi32.lib winspool.lib comdlg32.lib advapi32.lib shell32.lib ole32.lib oleaut32.lib uuid.lib odbc32.lib odbccp32.lib /MANIFEST /ManifestFile:"Debug\焦点检测.exe.intermediate.manifest" /MANIFESTUAC:"level='asInvoker' uiAccess='false'" /DEBUG /PDB:"C:\Users\Administrator\Desktop\焦点检测\Debug\焦点检测.pdb" /SUBSYSTEM:CONSOLE /TLBID:1 /DYNAMICBASE /NXCOMPAT /IMPLIB:"C:\Users\Administrator\Desktop\焦点检测\Debug\焦点检测.lib" /MACHINE:X86 "Debug\焦点检测.exe.embed.manifest.res"
         "Debug\焦点检测.obj"
         焦点检测.vcxproj -> C:\Users\Administrator\Desktop\焦点检测\Debug\焦点检测.exe
       FinalizeBuildStatus:
         正在删除文件“Debug\焦点检测.unsuccessfulbuild”。
         正在对“Debug\焦点检测.lastbuildstate”执行 Touch 任务。
     1>已完成生成项目“C:\Users\Administrator\Desktop\焦点检测\焦点检测\焦点检测.vcxproj”(build 个目标)的操作。

生成成功。

已用时间 00:00:04.66
