生成启动时间为 2016/3/3 21:13:22。
     1>项目“E:\程序\自己\opencv\cvWatershed\cvWatershed\cvWatershed.vcxproj”在节点 2 上(build 个目标)。
     1>InitializeBuildStatus:
         正在创建“Release\cvWatershed.unsuccessfulbuild”，因为已指定“AlwaysCreate”。
       ClCompile:
         所有输出均为最新。
         C:\Program Files (x86)\Microsoft Visual Studio 10.0\VC\bin\CL.exe /c /Zi /nologo /W3 /WX- /O2 /Oi /Oy- /GL /D WIN32 /D NDEBUG /D _CONSOLE /D _UNICODE /D UNICODE /Gm- /EHsc /MD /GS /Gy /fp:precise /Zc:wchar_t /Zc:forScope /Yu"StdAfx.h" /Fp"Release\cvWatershed.pch" /Fo"Release\\" /Fd"Release\vc100.pdb" /Gd /TP /analyze- /errorReport:prompt cvWatershed.cpp
         cvWatershed.cpp
     1>d:\program files\opencv\build\include\opencv2\flann\logger.h(66): warning C4996: 'fopen': This function or variable may be unsafe. Consider using fopen_s instead. To disable deprecation, use _CRT_SECURE_NO_WARNINGS. See online help for details.
                 C:\Program Files (x86)\Microsoft Visual Studio 10.0\VC\include\stdio.h(234) : 参见“fopen”的声明
       Link:
         C:\Program Files (x86)\Microsoft Visual Studio 10.0\VC\bin\link.exe /ERRORREPORT:PROMPT /OUT:"E:\程序\自己\opencv\cvWatershed\Release\cvWatershed.exe" /INCREMENTAL:NO /NOLOGO opencv_ml248d.lib opencv_calib3d248d.lib opencv_contrib248d.lib opencv_core248d.lib opencv_features2d248d.lib opencv_flann248d.lib opencv_gpu248d.lib opencv_highgui248d.lib opencv_imgproc248d.lib opencv_legacy248d.lib opencv_objdetect248d.lib opencv_ts248d.lib opencv_video248d.lib opencv_nonfree248d.lib opencv_ocl248d.lib opencv_photo248d.lib opencv_stitching248d.lib opencv_superres248d.lib opencv_videostab248d.lib kernel32.lib user32.lib gdi32.lib winspool.lib comdlg32.lib advapi32.lib shell32.lib ole32.lib oleaut32.lib uuid.lib odbc32.lib odbccp32.lib /MANIFEST /ManifestFile:"Release\cvWatershed.exe.intermediate.manifest" /MANIFESTUAC:"level='asInvoker' uiAccess='false'" /DEBUG /PDB:"E:\程序\自己\opencv\cvWatershed\Release\cvWatershed.pdb" /SUBSYSTEM:CONSOLE /OPT:REF /OPT:ICF /LTCG /TLBID:1 /DYNAMICBASE /NXCOMPAT /IMPLIB:"E:\程序\自己\opencv\cvWatershed\Release\cvWatershed.lib" /MACHINE:X86 Release\cvWatershed.obj
         Release\stdafx.obj
         正在生成代码
         已完成代码的生成
         cvWatershed.vcxproj -> E:\程序\自己\opencv\cvWatershed\Release\cvWatershed.exe
       Manifest:
         C:\Program Files (x86)\Microsoft SDKs\Windows\v7.0A\bin\mt.exe /nologo /verbose /outputresource:"E:\程序\自己\opencv\cvWatershed\Release\cvWatershed.exe;#1" /manifest Release\cvWatershed.exe.intermediate.manifest
       FinalizeBuildStatus:
         正在删除文件“Release\cvWatershed.unsuccessfulbuild”。
         正在对“Release\cvWatershed.lastbuildstate”执行 Touch 任务。
     1>已完成生成项目“E:\程序\自己\opencv\cvWatershed\cvWatershed\cvWatershed.vcxproj”(build 个目标)的操作。

生成成功。

已用时间 00:00:01.88
