生成启动时间为 2016/9/7 16:56:18。
     1>项目“K:\程序\自己\opencv\基于直方图均衡化的图像增强\基于直方图均衡化的图像增强\基于直方图均衡化的图像增强.vcxproj”在节点 2 上(build 个目标)。
     1>InitializeBuildStatus:
         正在创建“Debug\基于直方图均衡化的图像增强.unsuccessfulbuild”，因为已指定“AlwaysCreate”。
       ClCompile:
         C:\Program Files (x86)\Microsoft Visual Studio 10.0\VC\bin\CL.exe /c /ZI /nologo /W3 /WX- /Od /Oy- /D WIN32 /D _DEBUG /D _CONSOLE /D _UNICODE /D UNICODE /Gm /EHsc /RTC1 /MDd /GS /fp:precise /Zc:wchar_t /Zc:forScope /Fo"Debug\\" /Fd"Debug\vc100.pdb" /Gd /TP /analyze- /errorReport:prompt "基于直方图均衡化的图像增强.cpp"
         基于直方图均衡化的图像增强.cpp
     1>k:\程序\自己\opencv\基于直方图均衡化的图像增强\基于直方图均衡化的图像增强\基于直方图均衡化的图像增强.cpp(42): warning C4244: “=”: 从“double”转换到“uchar”，可能丢失数据
     1>k:\程序\自己\opencv\基于直方图均衡化的图像增强\基于直方图均衡化的图像增强\基于直方图均衡化的图像增强.cpp(99): warning C4244: “参数”: 从“double”转换到“int”，可能丢失数据
     1>k:\程序\自己\opencv\基于直方图均衡化的图像增强\基于直方图均衡化的图像增强\基于直方图均衡化的图像增强.cpp(100): warning C4244: “参数”: 从“double”转换到“int”，可能丢失数据
     1>k:\程序\自己\opencv\基于直方图均衡化的图像增强\基于直方图均衡化的图像增强\基于直方图均衡化的图像增强.cpp(100): warning C4244: “参数”: 从“double”转换到“int”，可能丢失数据
       ManifestResourceCompile:
         C:\Program Files (x86)\Microsoft SDKs\Windows\v7.0A\bin\rc.exe /nologo /fo"Debug\基于直方图均衡化的图像增强.exe.embed.manifest.res" "Debug\基于直方图均衡化的图像增强_manifest.rc" 
       Link:
         C:\Program Files (x86)\Microsoft Visual Studio 10.0\VC\bin\link.exe /ERRORREPORT:PROMPT /OUT:"K:\程序\自己\opencv\基于直方图均衡化的图像增强\Debug\基于直方图均衡化的图像增强.exe" /INCREMENTAL /NOLOGO opencv_ml248d.lib opencv_calib3d248d.lib opencv_contrib248d.lib opencv_core248d.lib opencv_features2d248d.lib opencv_flann248d.lib opencv_gpu248d.lib opencv_highgui248d.lib opencv_imgproc248d.lib opencv_legacy248d.lib opencv_objdetect248d.lib opencv_ts248d.lib opencv_video248d.lib opencv_nonfree248d.lib opencv_ocl248d.lib opencv_photo248d.lib opencv_stitching248d.lib opencv_superres248d.lib opencv_videostab248d.lib kernel32.lib user32.lib gdi32.lib winspool.lib comdlg32.lib advapi32.lib shell32.lib ole32.lib oleaut32.lib uuid.lib odbc32.lib odbccp32.lib /MANIFEST /ManifestFile:"Debug\基于直方图均衡化的图像增强.exe.intermediate.manifest" /MANIFESTUAC:"level='asInvoker' uiAccess='false'" /DEBUG /PDB:"K:\程序\自己\opencv\基于直方图均衡化的图像增强\Debug\基于直方图均衡化的图像增强.pdb" /SUBSYSTEM:CONSOLE /TLBID:1 /DYNAMICBASE /NXCOMPAT /IMPLIB:"K:\程序\自己\opencv\基于直方图均衡化的图像增强\Debug\基于直方图均衡化的图像增强.lib" /MACHINE:X86 "Debug\基于直方图均衡化的图像增强.exe.embed.manifest.res"
         "Debug\基于直方图均衡化的图像增强.obj"
       Manifest:
         C:\Program Files (x86)\Microsoft SDKs\Windows\v7.0A\bin\mt.exe /nologo /verbose /out:"Debug\基于直方图均衡化的图像增强.exe.embed.manifest" /manifest "Debug\基于直方图均衡化的图像增强.exe.intermediate.manifest"
         所有输出均为最新。
       LinkEmbedManifest:
         所有输出均为最新。
         基于直方图均衡化的图像增强.vcxproj -> K:\程序\自己\opencv\基于直方图均衡化的图像增强\Debug\基于直方图均衡化的图像增强.exe
       FinalizeBuildStatus:
         正在删除文件“Debug\基于直方图均衡化的图像增强.unsuccessfulbuild”。
         正在对“Debug\基于直方图均衡化的图像增强.lastbuildstate”执行 Touch 任务。
     1>已完成生成项目“K:\程序\自己\opencv\基于直方图均衡化的图像增强\基于直方图均衡化的图像增强\基于直方图均衡化的图像增强.vcxproj”(build 个目标)的操作。

生成成功。

已用时间 00:00:07.39
