生成启动时间为 2016/3/3 20:46:25。
     1>项目“C:\Users\gz7seven\Desktop\二值化\二值化\二值化.vcxproj”在节点 2 上(build 个目标)。
     1>InitializeBuildStatus:
         正在创建“Debug\二值化.unsuccessfulbuild”，因为已指定“AlwaysCreate”。
       ClCompile:
         C:\Program Files (x86)\Microsoft Visual Studio 10.0\VC\bin\CL.exe /c /ZI /nologo /W3 /WX- /Od /Oy- /D WIN32 /D _DEBUG /D _CONSOLE /D _UNICODE /D UNICODE /Gm /EHsc /RTC1 /MDd /GS /fp:precise /Zc:wchar_t /Zc:forScope /Fo"Debug\\" /Fd"Debug\vc100.pdb" /Gd /TP /analyze- /errorReport:prompt "二值化.cpp"
         二值化.cpp
       ManifestResourceCompile:
         所有输出均为最新。
       Link:
         C:\Program Files (x86)\Microsoft Visual Studio 10.0\VC\bin\link.exe /ERRORREPORT:PROMPT /OUT:"C:\Users\gz7seven\Desktop\二值化\Debug\二值化.exe" /INCREMENTAL /NOLOGO opencv_ml248d.lib opencv_calib3d248d.lib opencv_contrib248d.lib opencv_core248d.lib opencv_features2d248d.lib opencv_flann248d.lib opencv_gpu248d.lib opencv_highgui248d.lib opencv_imgproc248d.lib opencv_legacy248d.lib opencv_objdetect248d.lib opencv_ts248d.lib opencv_video248d.lib opencv_nonfree248d.lib opencv_ocl248d.lib opencv_photo248d.lib opencv_stitching248d.lib opencv_superres248d.lib opencv_videostab248d.lib kernel32.lib user32.lib gdi32.lib winspool.lib comdlg32.lib advapi32.lib shell32.lib ole32.lib oleaut32.lib uuid.lib odbc32.lib odbccp32.lib /MANIFEST /ManifestFile:"Debug\二值化.exe.intermediate.manifest" /MANIFESTUAC:"level='asInvoker' uiAccess='false'" /DEBUG /PDB:"C:\Users\gz7seven\Desktop\二值化\Debug\二值化.pdb" /SUBSYSTEM:CONSOLE /TLBID:1 /DYNAMICBASE /NXCOMPAT /IMPLIB:"C:\Users\gz7seven\Desktop\二值化\Debug\二值化.lib" /MACHINE:X86 "Debug\二值化.exe.embed.manifest.res"
         "Debug\二值化.obj"
       Manifest:
         C:\Program Files (x86)\Microsoft SDKs\Windows\v7.0A\bin\mt.exe /nologo /verbose /out:"Debug\二值化.exe.embed.manifest" /manifest "Debug\二值化.exe.intermediate.manifest"
         所有输出均为最新。
       LinkEmbedManifest:
         所有输出均为最新。
         二值化.vcxproj -> C:\Users\gz7seven\Desktop\二值化\Debug\二值化.exe
       FinalizeBuildStatus:
         正在删除文件“Debug\二值化.unsuccessfulbuild”。
         正在对“Debug\二值化.lastbuildstate”执行 Touch 任务。
     1>已完成生成项目“C:\Users\gz7seven\Desktop\二值化\二值化\二值化.vcxproj”(build 个目标)的操作。

生成成功。

已用时间 00:00:02.38
