C:\USERS\GZ7SEVEN\DESKTOP\CANNY1\CANNY1\DEBUG\CANNY.OBJ
C:\USERS\GZ7SEVEN\DESKTOP\CANNY1\CANNY1\DEBUG\CANNY1.EXE.EMBED.MANIFEST
C:\USERS\GZ7SEVEN\DESKTOP\CANNY1\CANNY1\DEBUG\CANNY1.EXE.EMBED.MANIFEST.RES
C:\USERS\GZ7SEVEN\DESKTOP\CANNY1\CANNY1\DEBUG\CANNY1.EXE.INTERMEDIATE.MANIFEST
C:\Users\gz7seven\Desktop\canny1\canny1\Debug\canny1_manifest.rc
C:\Users\gz7seven\Desktop\canny1\canny1\Debug\cl.command.1.tlog
C:\Users\gz7seven\Desktop\canny1\canny1\Debug\CL.read.1.tlog
C:\Users\gz7seven\Desktop\canny1\canny1\Debug\CL.write.1.tlog
C:\Users\gz7seven\Desktop\canny1\canny1\Debug\link.3584.read.1.tlog
C:\Users\gz7seven\Desktop\canny1\canny1\Debug\link.3584.write.1.tlog
C:\Users\gz7seven\Desktop\canny1\canny1\Debug\link.3584-cvtres.read.1.tlog
C:\Users\gz7seven\Desktop\canny1\canny1\Debug\link.3584-cvtres.write.1.tlog
C:\Users\gz7seven\Desktop\canny1\canny1\Debug\link.6376.read.1.tlog
C:\Users\gz7seven\Desktop\canny1\canny1\Debug\link.6376.write.1.tlog
C:\Users\gz7seven\Desktop\canny1\canny1\Debug\link.6376-cvtres.read.1.tlog
C:\Users\gz7seven\Desktop\canny1\canny1\Debug\link.6376-cvtres.write.1.tlog
C:\Users\gz7seven\Desktop\canny1\canny1\Debug\link.command.1.tlog
C:\Users\gz7seven\Desktop\canny1\canny1\Debug\link.read.1.tlog
C:\Users\gz7seven\Desktop\canny1\canny1\Debug\link.write.1.tlog
C:\Users\gz7seven\Desktop\canny1\canny1\Debug\link-cvtres.read.1.tlog
C:\Users\gz7seven\Desktop\canny1\canny1\Debug\link-cvtres.write.1.tlog
C:\Users\gz7seven\Desktop\canny1\canny1\Debug\mt.command.1.tlog
C:\Users\gz7seven\Desktop\canny1\canny1\Debug\mt.read.1.tlog
C:\Users\gz7seven\Desktop\canny1\canny1\Debug\mt.write.1.tlog
C:\Users\gz7seven\Desktop\canny1\canny1\Debug\rc.command.1.tlog
C:\Users\gz7seven\Desktop\canny1\canny1\Debug\rc.read.1.tlog
C:\Users\gz7seven\Desktop\canny1\canny1\Debug\rc.write.1.tlog
C:\Users\gz7seven\Desktop\canny1\canny1\Debug\vc100.idb
C:\USERS\GZ7SEVEN\DESKTOP\CANNY1\CANNY1\DEBUG\VC100.PDB
C:\USERS\GZ7SEVEN\DESKTOP\CANNY1\DEBUG\CANNY1.EXE
C:\USERS\GZ7SEVEN\DESKTOP\CANNY1\DEBUG\CANNY1.ILK
C:\USERS\GZ7SEVEN\DESKTOP\CANNY1\DEBUG\CANNY1.PDB
